0 info it worked if it ends with ok
1 verbose cli [ '/usr/bin/node', '/usr/bin/npm', 'install', 'Flask-script' ]
2 info using npm@1.4.28
3 info using node@v0.10.33
4 verbose node symlink /usr/bin/node
5 warn package.json TaarifaWaterpoints@0.0.0 No repository field.
6 warn package.json grunt-contrib-htmlmin@0.1.3 No README data
7 verbose readDependencies using package.json deps
8 verbose cache add [ 'Flask-script', null ]
9 verbose cache add name=undefined spec="Flask-script" args=["Flask-script",null]
10 verbose parsed url { protocol: null,
10 verbose parsed url   slashes: null,
10 verbose parsed url   auth: null,
10 verbose parsed url   host: null,
10 verbose parsed url   port: null,
10 verbose parsed url   hostname: null,
10 verbose parsed url   hash: null,
10 verbose parsed url   search: null,
10 verbose parsed url   query: null,
10 verbose parsed url   pathname: 'Flask-script',
10 verbose parsed url   path: 'Flask-script',
10 verbose parsed url   href: 'Flask-script' }
11 silly lockFile fcaf8827-Flask-script Flask-script
12 verbose lock Flask-script /home/imma/.npm/fcaf8827-Flask-script.lock
13 silly lockFile fcaf8827-Flask-script Flask-script
14 silly lockFile fcaf8827-Flask-script Flask-script
15 verbose addNamed [ 'Flask-script', '' ]
16 verbose addNamed [ null, '*' ]
17 silly lockFile cafa4292-Flask-script Flask-script@
18 verbose lock Flask-script@ /home/imma/.npm/cafa4292-Flask-script.lock
19 silly addNameRange { name: 'Flask-script', range: '*', hasData: false }
20 verbose request where is /Flask-script
21 verbose request registry https://registry.npmjs.org/
22 verbose request id 9c7fff80fe1b8d6c
23 verbose url raw /Flask-script
24 verbose url resolving [ 'https://registry.npmjs.org/', './Flask-script' ]
25 verbose url resolved https://registry.npmjs.org/Flask-script
26 verbose request where is https://registry.npmjs.org/Flask-script
27 info trying registry request attempt 1 at 18:42:05
28 http GET https://registry.npmjs.org/Flask-script
29 http 404 https://registry.npmjs.org/Flask-script
30 verbose headers { date: 'Sun, 04 Jan 2015 15:42:22 GMT',
30 verbose headers   server: 'CouchDB/1.5.0 (Erlang OTP/R16B03)',
30 verbose headers   'content-type': 'application/json',
30 verbose headers   'cache-control': 'max-age=0',
30 verbose headers   'content-length': '52',
30 verbose headers   'accept-ranges': 'bytes',
30 verbose headers   via: '1.1 varnish',
30 verbose headers   age: '0',
30 verbose headers   'x-served-by': 'cache-lcy1127-LCY',
30 verbose headers   'x-cache': 'MISS',
30 verbose headers   'x-cache-hits': '0',
30 verbose headers   'x-timer': 'S1420386142.781700,VS0,VE155',
30 verbose headers   'keep-alive': 'timeout=10, max=50',
30 verbose headers   connection: 'Keep-Alive' }
31 silly registry.get cb [ 404,
31 silly registry.get   { date: 'Sun, 04 Jan 2015 15:42:22 GMT',
31 silly registry.get     server: 'CouchDB/1.5.0 (Erlang OTP/R16B03)',
31 silly registry.get     'content-type': 'application/json',
31 silly registry.get     'cache-control': 'max-age=0',
31 silly registry.get     'content-length': '52',
31 silly registry.get     'accept-ranges': 'bytes',
31 silly registry.get     via: '1.1 varnish',
31 silly registry.get     age: '0',
31 silly registry.get     'x-served-by': 'cache-lcy1127-LCY',
31 silly registry.get     'x-cache': 'MISS',
31 silly registry.get     'x-cache-hits': '0',
31 silly registry.get     'x-timer': 'S1420386142.781700,VS0,VE155',
31 silly registry.get     'keep-alive': 'timeout=10, max=50',
31 silly registry.get     connection: 'Keep-Alive' } ]
32 silly lockFile cafa4292-Flask-script Flask-script@
33 silly lockFile cafa4292-Flask-script Flask-script@
34 error 404 404 Not Found: Flask-script
34 error 404
34 error 404 'Flask-script' is not in the npm registry.
34 error 404 You should bug the author to publish it
34 error 404 It was specified as a dependency of 'TaarifaWaterpoints'
34 error 404
34 error 404 Note that you can also install from a
34 error 404 tarball, folder, or http url, or git url.
35 error System Linux 3.13.0-32-generic
36 error command "/usr/bin/node" "/usr/bin/npm" "install" "Flask-script"
37 error cwd /home/imma/TaarifaWaterpoints
38 error node -v v0.10.33
39 error npm -v 1.4.28
40 error code E404
41 verbose exit [ 1, true ]
